Last login: Wed Jun 14 17:40:20 on ttys000
Sawyers-MacBook-Pro:~ Sawyer$ cd Documents
Sawyers-MacBook-Pro:Documents Sawyer$ which python
/Library/Frameworks/Python.framework/Versions/2.7/bin/python
Sawyers-MacBook-Pro:Documents Sawyer$ cd ..
Sawyers-MacBook-Pro:~ Sawyer$ cd ..
Sawyers-MacBook-Pro:Users Sawyer$ cd ..
Sawyers-MacBook-Pro:/ Sawyer$ which python
/Library/Frameworks/Python.framework/Versions/2.7/bin/python
Sawyers-MacBook-Pro:/ Sawyer$ cd /Library/Frameworks/Python.framework/Versions/2.7/bin/python
-bash: cd: /Library/Frameworks/Python.framework/Versions/2.7/bin/python: Not a directory
Sawyers-MacBook-Pro:/ Sawyer$ cd /Library/Frameworks/Python.framework/Versions/2.7/bin/
Sawyers-MacBook-Pro:bin Sawyer$ pip install pytest
Collecting pytest
  Downloading pytest-3.1.2-py2.py3-none-any.whl (180kB)
    100% |████████████████████████████████| 184kB 761kB/s 
Requirement already satisfied: setuptools in /Library/Frameworks/Python.framework/Versions/2.7/lib/python2.7/site-packages (from pytest)
Collecting py>=1.4.33 (from pytest)
  Downloading py-1.4.34-py2.py3-none-any.whl (84kB)
    100% |████████████████████████████████| 92kB 1.7MB/s 
Installing collected packages: py, pytest
Successfully installed py-1.4.34 pytest-3.1.2
Sawyers-MacBook-Pro:bin Sawyer$ cd ..
Sawyers-MacBook-Pro:2.7 Sawyer$ cd..
-bash: cd..: command not found
Sawyers-MacBook-Pro:2.7 Sawyer$ cd ..
Sawyers-MacBook-Pro:Versions Sawyer$ cd ..
Sawyers-MacBook-Pro:Python.framework Sawyer$ cd ..
Sawyers-MacBook-Pro:Frameworks Sawyer$ cd ..
Sawyers-MacBook-Pro:Library Sawyer$ cd ..
Sawyers-MacBook-Pro:/ Sawyer$ cd ..
Sawyers-MacBook-Pro:/ Sawyer$ cd ..
Sawyers-MacBook-Pro:/ Sawyer$ ls
Applications			etc
Library				home
Network				installer.failurerequests
System				net
User Information		private
Users				sbin
Volumes				tmp
bin				usr
cores				var
dev
Sawyers-MacBook-Pro:/ Sawyer$ cd Documents
-bash: cd: Documents: No such file or directory
Sawyers-MacBook-Pro:/ Sawyer$ cd Users
Sawyers-MacBook-Pro:Users Sawyer$ ls
Sawyer	Shared
Sawyers-MacBook-Pro:Users Sawyer$ cd Sawyer
Sawyers-MacBook-Pro:~ Sawyer$ cd ..
Sawyers-MacBook-Pro:Users Sawyer$ cd Sawyer
Sawyers-MacBook-Pro:~ Sawyer$ ls
Applications		Library			Pictures
Desktop			Movies			Public
Documents		Music			SSW_322
Downloads		NetBeansProjects	eclipse
Sawyers-MacBook-Pro:~ Sawyer$ cd Documents
Sawyers-MacBook-Pro:Documents Sawyer$ ls
01 Problem.m4a
02 On My Way Home.m4a
03 La La Latch.m4a
04 Rather Be.m4a
05 See Through.m4a
06 Papaoutai.m4a
07 Standing By.m4a
A Very Merry Christmas Cover.pages
Audacity
CSS-146
Co-Op
ECON
GS Speech.docx
GS Speech.pages
Kappa Sig
Lip Sync 2016.mp3
Music
Never Ever Lipsync.mp3
PTX
Purpose - Justin Bieber (Cover).mp4
Purpose Cover.mp3
Quack Stuff.docx
SSW_322
SSW_555
Shake It Off Lipsync.mp3
Shake It Off V2 Lipsync.mp3
Spanish
Standing By - Pentatonix Cover.mp4
Steal My Girl Lipsync.mp3
Summer:This Is What You Came For Lipsync.mp3
Wonderland Lipsync.mp3
pentatonix-album-cover-413x413.jpg
pentatonix6.jpg
workspace
Sawyers-MacBook-Pro:Documents Sawyer$ cd SSW_555
Sawyers-MacBook-Pro:SSW_555 Sawyer$ ls
ComputerSoftwareCurriculum.docx	Project00.docx
Homework1.docx			Project02.docx
Homework2.docx			project02.py
Project
Sawyers-MacBook-Pro:SSW_555 Sawyer$ cd Project
Sawyers-MacBook-Pro:Project Sawyer$ ls
BHSProject_SSW555	BHS_SSW555_Code		Project02.py
BHS_Project_SSW555_Git	FamilyTree_SSW555
Sawyers-MacBook-Pro:Project Sawyer$ cd BHS_Project_SSW555_Git
Sawyers-MacBook-Pro:BHS_Project_SSW555_Git Sawyer$ open BHS_555.py
Sawyers-MacBook-Pro:BHS_Project_SSW555_Git Sawyer$ git pull
remote: Counting objects: 6, done.
remote: Compressing objects: 100% (4/4), done.
remote: Total 6 (delta 2), reused 6 (delta 2), pack-reused 0
Unpacking objects: 100% (6/6), done.
From https://github.com/sawyercoleman19/BHS_Project_SSW_555
   1ee8784..620bca3  master     -> origin/master
Updating 1ee8784..620bca3
Fast-forward
 US08.py      |  79 +++++++++++++++++++++++++++++++++++++++++
 test_US08.py | 113 +++++++++++++++++++++++++++++++++++++++++++++++++++++++++++
 2 files changed, 192 insertions(+)
 create mode 100644 US08.py
 create mode 100644 test_US08.py
Sawyers-MacBook-Pro:BHS_Project_SSW555_Git Sawyer$ git status
On branch master
Your branch is up-to-date with 'origin/master'.
Changes not staged for commit:
  (use "git add <file>..." to update what will be committed)
  (use "git checkout -- <file>..." to discard changes in working directory)

	modified:   BHS_555.py

Untracked files:
  (use "git add <file>..." to include in what will be committed)

	BHS_555.pyc
	Homework04.py

no changes added to commit (use "git add" and/or "git commit -a")
Sawyers-MacBook-Pro:BHS_Project_SSW555_Git Sawyer$ git pull -a
Already up-to-date.
Sawyers-MacBook-Pro:BHS_Project_SSW555_Git Sawyer$ ls
BHS_555.py	Homework04.py	Project02.py	Readme2.md	test_US08.py
BHS_555.pyc	Project01.ged	README.md	US08.py
Sawyers-MacBook-Pro:BHS_Project_SSW555_Git Sawyer$ open test_US08.py
Sawyers-MacBook-Pro:BHS_Project_SSW555_Git Sawyer$ open US08.py
Sawyers-MacBook-Pro:BHS_Project_SSW555_Git Sawyer$ python test_US08.py
Sawyers-MacBook-Pro:BHS_Project_SSW555_Git Sawyer$ python test_US08.py
Sawyers-MacBook-Pro:BHS_Project_SSW555_Git Sawyer$ py.test -v
============================= test session starts ==============================
platform darwin -- Python 2.7.13, pytest-3.1.2, py-1.4.34, pluggy-0.4.0 -- /Library/Frameworks/Python.framework/Versions/2.7/Resources/Python.app/Contents/MacOS/Python
cachedir: .cache
rootdir: /Users/Sawyer/Documents/SSW_555/Project/BHS_Project_SSW555_Git, inifile:
collected 20 items 

test_US08.py::test_US08_Case11 PASSED
test_US08.py::test_US08_Case12 PASSED
test_US08.py::test_US08_Case13 PASSED
test_US08.py::test_US08_Case14 PASSED
test_US08.py::test_US08_Case21 PASSED
test_US08.py::test_US08_Case22 PASSED
test_US08.py::test_US08_Case23 PASSED
test_US08.py::test_US08_Case24 PASSED
test_US08.py::test_US08_Case31 PASSED
test_US08.py::test_US08_Case32 PASSED
test_US08.py::test_US08_Case33 PASSED
test_US08.py::test_US08_Case34 PASSED
test_US08.py::test_US08_Case41 PASSED
test_US08.py::test_US08_Case42 PASSED
test_US08.py::test_US08_Case43 PASSED
test_US08.py::test_US08_Case44 PASSED
test_US08.py::test_US08_Case51 PASSED
test_US08.py::test_US08_Case52 PASSED
test_US08.py::test_US08_Case53 PASSED
test_US08.py::test_US08_Case54 PASSED

========================== 20 passed in 0.05 seconds ===========================
Sawyers-MacBook-Pro:BHS_Project_SSW555_Git Sawyer$ touch US07.py
Sawyers-MacBook-Pro:BHS_Project_SSW555_Git Sawyer$ touch US08_Test.py
Sawyers-MacBook-Pro:BHS_Project_SSW555_Git Sawyer$ touch US07_Test.py
Sawyers-MacBook-Pro:BHS_Project_SSW555_Git Sawyer$ open US07.py
Sawyers-MacBook-Pro:BHS_Project_SSW555_Git Sawyer$ open US07_Test.py
Sawyers-MacBook-Pro:BHS_Project_SSW555_Git Sawyer$ python US07.py
  File "US07.py", line 13
    else:
    ^
IndentationError: unexpected indent
Sawyers-MacBook-Pro:BHS_Project_SSW555_Git Sawyer$ python US07.py
  File "US07.py", line 23
    today = datetime.date.today()
    ^
IndentationError: unexpected indent
Sawyers-MacBook-Pro:BHS_Project_SSW555_Git Sawyer$ python US07.py
Traceback (most recent call last):
  File "US07.py", line 23, in <module>
    print(DoB)
NameError: name 'DoB' is not defined
Sawyers-MacBook-Pro:BHS_Project_SSW555_Git Sawyer$ python US07.py
Traceback (most recent call last):
  File "US07.py", line 23, in <module>
    print(DoB)
NameError: name 'DoB' is not defined
Sawyers-MacBook-Pro:BHS_Project_SSW555_Git Sawyer$ python US07.py
Traceback (most recent call last):
  File "US07.py", line 24, in <module>
    print(DoB)
NameError: name 'DoB' is not defined
Sawyers-MacBook-Pro:BHS_Project_SSW555_Git Sawyer$ python US07.py
Traceback (most recent call last):
  File "US07.py", line 25, in <module>
    print(DoB)
NameError: name 'DoB' is not defined
Sawyers-MacBook-Pro:BHS_Project_SSW555_Git Sawyer$ python US07.py
Traceback (most recent call last):
  File "US07.py", line 25, in <module>
    print(DoB)
NameError: name 'DoB' is not defined
Sawyers-MacBook-Pro:BHS_Project_SSW555_Git Sawyer$ python US07.py
Traceback (most recent call last):
  File "US07.py", line 25, in <module>
    print(DoB)
NameError: name 'DoB' is not defined
Sawyers-MacBook-Pro:BHS_Project_SSW555_Git Sawyer$ python US07.py
Traceback (most recent call last):
  File "US07.py", line 25, in <module>
    print str(DoB)
NameError: name 'DoB' is not defined
Sawyers-MacBook-Pro:BHS_Project_SSW555_Git Sawyer$ python US07.py
Traceback (most recent call last):
  File "US07.py", line 25, in <module>
    print str(DoB.Birth)
NameError: name 'DoB' is not defined
Sawyers-MacBook-Pro:BHS_Project_SSW555_Git Sawyer$ python US07.py
Traceback (most recent call last):
  File "US07.py", line 25, in <module>
    print str(now.Birth)
NameError: name 'now' is not defined
Sawyers-MacBook-Pro:BHS_Project_SSW555_Git Sawyer$ python US07.py
  File "US07.py", line 23
    print str(datetime.now())
        ^
IndentationError: expected an indented block
Sawyers-MacBook-Pro:BHS_Project_SSW555_Git Sawyer$ python US07.py
Sawyers-MacBook-Pro:BHS_Project_SSW555_Git Sawyer$ python US07.py
<function Age at 0x101933398>
Sawyers-MacBook-Pro:BHS_Project_SSW555_Git Sawyer$ python US07.py
<function realAge at 0x101833578>
Sawyers-MacBook-Pro:BHS_Project_SSW555_Git Sawyer$ python US07.py
Sawyers-MacBook-Pro:BHS_Project_SSW555_Git Sawyer$ python US07.py
Sawyers-MacBook-Pro:BHS_Project_SSW555_Git Sawyer$ python US07.py
Sawyers-MacBook-Pro:BHS_Project_SSW555_Git Sawyer$ python US07.py
<function realAge at 0x101a33578>
Sawyers-MacBook-Pro:BHS_Project_SSW555_Git Sawyer$ python US07.py
Traceback (most recent call last):
  File "US07.py", line 8, in <module>
    print (DoB)
NameError: name 'DoB' is not defined
Sawyers-MacBook-Pro:BHS_Project_SSW555_Git Sawyer$ python US07.py
2017-06-14
Sawyers-MacBook-Pro:BHS_Project_SSW555_Git Sawyer$ python US07.py
Traceback (most recent call last):
  File "US07.py", line 8, in <module>
    element = realAge(now)
NameError: name 'now' is not defined
Sawyers-MacBook-Pro:BHS_Project_SSW555_Git Sawyer$ python US07.py
Traceback (most recent call last):
  File "US07.py", line 8, in <module>
    element = realAge(now)
NameError: name 'now' is not defined
Sawyers-MacBook-Pro:BHS_Project_SSW555_Git Sawyer$ python US07.py
<function realAge at 0x1011f9578>
Sawyers-MacBook-Pro:BHS_Project_SSW555_Git Sawyer$ python US07.py
<function realAge at 0x102033578>
Sawyers-MacBook-Pro:BHS_Project_SSW555_Git Sawyer$ python US07.py
Traceback (most recent call last):
  File "US07.py", line 8, in <module>
    element = realAge(now)
NameError: name 'now' is not defined
Sawyers-MacBook-Pro:BHS_Project_SSW555_Git Sawyer$ python US07.py
Traceback (most recent call last):
  File "US07.py", line 8, in <module>
    element = realAge(now)
NameError: name 'now' is not defined
Sawyers-MacBook-Pro:BHS_Project_SSW555_Git Sawyer$ python US07.py
Traceback (most recent call last):
  File "US07.py", line 8, in <module>
    element = realAge(now)
NameError: name 'now' is not defined
Sawyers-MacBook-Pro:BHS_Project_SSW555_Git Sawyer$ python US07.py
  File "US07.py", line 4
    print(now)
        ^
SyntaxError: invalid syntax
Sawyers-MacBook-Pro:BHS_Project_SSW555_Git Sawyer$ python US07.py
2017-06-14
Sawyers-MacBook-Pro:BHS_Project_SSW555_Git Sawyer$ python US07.py
  File "US07.py", line 4
    today = datetime.date.today()
    ^
IndentationError: unexpected indent
Sawyers-MacBook-Pro:BHS_Project_SSW555_Git Sawyer$ python US07.py
Traceback (most recent call last):
  File "US07.py", line 6, in <module>
    bir = BIRT.split(" ")[::-1]
NameError: name 'BIRT' is not defined
Sawyers-MacBook-Pro:BHS_Project_SSW555_Git Sawyer$ python US07.py
2017-06-14
Sawyers-MacBook-Pro:BHS_Project_SSW555_Git Sawyer$ python US07.py
  File "US07.py", line 7
    now = datetime.date.today())
                               ^
SyntaxError: invalid syntax
Sawyers-MacBook-Pro:BHS_Project_SSW555_Git Sawyer$ python US07.py
  File "US07.py", line 7
    now = datetime.date.today())
                               ^
SyntaxError: invalid syntax
Sawyers-MacBook-Pro:BHS_Project_SSW555_Git Sawyer$ python US07.py
  File "US07.py", line 8
    now = str(%d %d %d) % (now.day, now.month, now.year)
              ^
SyntaxError: invalid syntax
Sawyers-MacBook-Pro:BHS_Project_SSW555_Git Sawyer$ python US07.py
  File "US07.py", line 8
    print (str(%d %d %d) % (now.day, now.month, now.year))
               ^
SyntaxError: invalid syntax
Sawyers-MacBook-Pro:BHS_Project_SSW555_Git Sawyer$ python US07.py
  File "US07.py", line 9
    print("%d %d %d") % (now.day, now.month, now.year))
                                                      ^
SyntaxError: invalid syntax
Sawyers-MacBook-Pro:BHS_Project_SSW555_Git Sawyer$ python US07.py
2017-06-14
14 6 2017
Sawyers-MacBook-Pro:BHS_Project_SSW555_Git Sawyer$ python US07.py
14 6 2017
Sawyers-MacBook-Pro:BHS_Project_SSW555_Git Sawyer$ python US07.py
14 6d 2017
Sawyers-MacBook-Pro:BHS_Project_SSW555_Git Sawyer$ python US07.py
14 6 2017
Sawyers-MacBook-Pro:BHS_Project_SSW555_Git Sawyer$ python US07.py
Traceback (most recent call last):
  File "US07.py", line 8, in <module>
    print("%d %d %d") % (now.day, now.months.month, now.year)
AttributeError: 'datetime.date' object has no attribute 'months'
Sawyers-MacBook-Pro:BHS_Project_SSW555_Git Sawyer$ python US07.py
Traceback (most recent call last):
  File "US07.py", line 8, in <module>
    print("%d %d %d") % (now.day, now.month[months], now.year)
TypeError: 'int' object has no attribute '__getitem__'
Sawyers-MacBook-Pro:BHS_Project_SSW555_Git Sawyer$ python US07.py
  File "US07.py", line 8
    print("%d %d %d") % (now.day, now.month{months}, now.year)
                                           ^
SyntaxError: invalid syntax
Sawyers-MacBook-Pro:BHS_Project_SSW555_Git Sawyer$ python US07.py
Traceback (most recent call last):
  File "US07.py", line 8, in <module>
    print("%d %d %d") % (now.day, calendar.month[str(now.month)], now.year)
NameError: name 'calendar' is not defined
Sawyers-MacBook-Pro:BHS_Project_SSW555_Git Sawyer$ python US07.py
  File "US07.py", line 8
    print("%d %d %d") % (now.day, now.month[], now.year)
                                            ^
SyntaxError: invalid syntax
Sawyers-MacBook-Pro:BHS_Project_SSW555_Git Sawyer$ python US07.py
Traceback (most recent call last):
  File "US07.py", line 8, in <module>
    print("%d %b %d") % (now.day, now.month, now.year)
ValueError: unsupported format character 'b' (0x62) at index 4
Sawyers-MacBook-Pro:BHS_Project_SSW555_Git Sawyer$ python US07.py
Traceback (most recent call last):
  File "US07.py", line 8, in <module>
    print("%d %b %Y") % (now.day, now.month, now.year)
ValueError: unsupported format character 'b' (0x62) at index 4
Sawyers-MacBook-Pro:BHS_Project_SSW555_Git Sawyer$ python US07.py
Traceback (most recent call last):
  File "US07.py", line 9, in <module>
    print("%d %b %Y") % (now.day, calendar.now.month, now.year)
AttributeError: 'module' object has no attribute 'now'
Sawyers-MacBook-Pro:BHS_Project_SSW555_Git Sawyer$ python US07.py
Traceback (most recent call last):
  File "US07.py", line 9, in <module>
    print("%d %b %Y") % (now.day, now.calendar.month, now.year)
AttributeError: 'datetime.date' object has no attribute 'calendar'
Sawyers-MacBook-Pro:BHS_Project_SSW555_Git Sawyer$ python US07.py
Traceback (most recent call last):
  File "US07.py", line 9, in <module>
    print("%d %b %Y") % (now.day, strptime(now.month), now.year)
NameError: name 'strptime' is not defined
Sawyers-MacBook-Pro:BHS_Project_SSW555_Git Sawyer$ python US07.py
Traceback (most recent call last):
  File "US07.py", line 8, in <module>
    now = strptime(datetime.date.today())
NameError: name 'strptime' is not defined
Sawyers-MacBook-Pro:BHS_Project_SSW555_Git Sawyer$ python US07.py
Traceback (most recent call last):
  File "US07.py", line 8, in <module>
    now = datetime.strptime(datetime.date.today())
AttributeError: 'module' object has no attribute 'strptime'
Sawyers-MacBook-Pro:BHS_Project_SSW555_Git Sawyer$ python US07.py
  File "US07.py", line 8
    now = datetime.date.today())
                               ^
SyntaxError: invalid syntax
Sawyers-MacBook-Pro:BHS_Project_SSW555_Git Sawyer$ 
Sawyers-MacBook-Pro:BHS_Project_SSW555_Git Sawyer$ python US07.py
Traceback (most recent call last):
  File "US07.py", line 9, in <module>
    print(strptime("%d %b %Y")) % (now.day, now.month, now.year)
NameError: name 'strptime' is not defined
Sawyers-MacBook-Pro:BHS_Project_SSW555_Git Sawyer$ python US07.py
Traceback (most recent call last):
  File "US07.py", line 9, in <module>
    print("%d %b %Y") % (now.day, now.month, now.year)
ValueError: unsupported format character 'b' (0x62) at index 4
Sawyers-MacBook-Pro:BHS_Project_SSW555_Git Sawyer$ python US07.py
Traceback (most recent call last):
  File "US07.py", line 9, in <module>
    print("%d %d %Y") % (now.day, now.month, now.year)
ValueError: unsupported format character 'Y' (0x59) at index 7
Sawyers-MacBook-Pro:BHS_Project_SSW555_Git Sawyer$ python US07.py
15 6 2017
Traceback (most recent call last):
  File "US07.py", line 10, in <module>
    print(calendar.month_abbr[month_number])
NameError: name 'month_number' is not defined
Sawyers-MacBook-Pro:BHS_Project_SSW555_Git Sawyer$ python US07.py
15 6 2017
calendar.month_abbr[month_number]
Sawyers-MacBook-Pro:BHS_Project_SSW555_Git Sawyer$ python US07.py
15 6 2017
Traceback (most recent call last):
  File "US07.py", line 10, in <module>
    print(calendar.month_abbr[month_number])
NameError: name 'month_number' is not defined
Sawyers-MacBook-Pro:BHS_Project_SSW555_Git Sawyer$ python US07.py
15 6 2017
Jun
Sawyers-MacBook-Pro:BHS_Project_SSW555_Git Sawyer$ python US07.py
Traceback (most recent call last):
  File "US07.py", line 10, in <module>
    print("%d %d %d") % (now.day, month, now.year)
TypeError: %d format: a number is required, not str
Sawyers-MacBook-Pro:BHS_Project_SSW555_Git Sawyer$ python US07.py
15 Jun 2017
Sawyers-MacBook-Pro:BHS_Project_SSW555_Git Sawyer$ python US07.py
15 Jun 2017
Sawyers-MacBook-Pro:BHS_Project_SSW555_Git Sawyer$ python US07.py
15 JUN 2017
Sawyers-MacBook-Pro:BHS_Project_SSW555_Git Sawyer$ python BHS_555.py
INDIVIDUAL DATABASE: 

+-----+-------------------+--------+-------------+-----+-------+-------------+----------+-------------------+
| ID  | Name              | Gender | Birthday    | Age | Alive | Death       | Child    | Spouse            |
+-----+-------------------+--------+-------------+-----+-------+-------------+----------+-------------------+
| I01 | David /Jole/      | M      | 7 FEB 1941  | 37  | FALSE | 13 SEP 1978 | None     | ['F1']            |
| I02 | Jillian /Kelly/   | F      | 5 APR 1939  | 78  | TRUE  | N/A         | None     | ['F1', 'F2']      |
| I03 | Betty /Jole/      | F      | 16 MAR 1963 | 54  | TRUE  | N/A         | F1       | ['F3']            |
| I04 | Frank /Gonzalez/  | M      | 2 SEP 1961  | 55  | TRUE  | N/A         | None     | ['F3']            |
| I05 | Bob /George/      | M      | 14 JUN 1945 | 72  | TRUE  | N/A         | None     | ['F2']            |
| I06 | Anne /Jole/       | F      | 19 DEC 1968 | 48  | TRUE  | N/A         | F1       | N/A               |
| I07 | Daisey /Gonzalez/ | F      | 27 MAR 1992 | 25  | TRUE  | N/A         | F3       | N/A               |
| I08 | Dave /Gonzalez/   | M      | 10 OCT 1995 | 21  | TRUE  | N/A         | F3       | N/A               |
| I09 | John /Gonzalez/   | M      | 10 OCT 1997 | 19  | TRUE  | N/A         | F3       | N/A               |
| I10 | Julia /Roberts/   | F      | 4 SEP 1987  | 29  | TRUE  | N/A         | F2       | N/A               |
| I11 | Jesse /Roberts/   | M      | 14 FEB 1989 | 28  | TRUE  | N/A         | F2       | ['F4']            |
| I12 | Olivia /Weaver/   | F      | 27 DEC 1991 | 25  | TRUE  | N/A         | None     | ['F4']            |
+-----+-------------------+--------+-------------+-----+-------+-------------+----------+-------------------+




FAMILY DATABASE: 

+-----+-------------+----------+------------+-------------------+---------+-------------------+------------------------+
| ID  | Married     | Divorced | Husband ID | Husband Name      | Wife ID | Wife Name         | Children               |
+-----+-------------+----------+------------+-------------------+---------+-------------------+------------------------+
| F01 | 9 NOV 1957  | N/A      | I01        | David /Jole/      | I02     | Jillian /Kelly/   | ['I03', 'I06']         |
| F02 | 20 JUN 1986 | N/A      | I05        | Bob /George/      | I02     | Jillian /Kelly/   | ['I10', 'I11']         |
| F03 | 3 MAR 1991  | N/A      | I04        | Frank /Gonzalez/  | I03     | Betty /Jole/      | ['I07', 'I08', 'I09']  |
| F04 | 27 JUL 2009 | N/A      | I11        | Jesse /Roberts/   | I12     | Olivia /Weaver/   | N/A                    |
+-----+-------------+----------+------------+-------------------+---------+-------------------+------------------------+
Sawyers-MacBook-Pro:BHS_Project_SSW555_Git Sawyer$ python US07.py
  File "US07.py", line 4
    def age(DoB, CrntDate)
                         ^
SyntaxError: invalid syntax
Sawyers-MacBook-Pro:BHS_Project_SSW555_Git Sawyer$ python US07.py
Traceback (most recent call last):
  File "US07.py", line 11, in <module>
    ageNew = age("04 JAN 1963", CrntDate)
NameError: name 'CrntDate' is not defined
Sawyers-MacBook-Pro:BHS_Project_SSW555_Git Sawyer$ python US07.py
Traceback (most recent call last):
  File "US07.py", line 11, in <module>
    ageNew = age("04 JAN 1963")
TypeError: age() takes exactly 2 arguments (1 given)
Sawyers-MacBook-Pro:BHS_Project_SSW555_Git Sawyer$ python US07.py
15 JUN 2017
Traceback (most recent call last):
  File "US07.py", line 11, in <module>
    ageNew = age("04 JAN 1963")
  File "US07.py", line 9, in age
    return CrntDate - DoB
TypeError: unsupported operand type(s) for -: 'datetime.date' and 'str'
Sawyers-MacBook-Pro:BHS_Project_SSW555_Git Sawyer$ python US07.py
Enter birthdate in mm/dd/yyyy format:12/27/1994
Age : 22
Sawyers-MacBook-Pro:BHS_Project_SSW555_Git Sawyer$ python US07.py
Enter birthdate in mm/dd/yyyy format:06/15/2012
Age : 5
Sawyers-MacBook-Pro:BHS_Project_SSW555_Git Sawyer$ python US07.py
Enter birthdate in mm/dd/yyyy format:03/15/2013
Age : 4
Sawyers-MacBook-Pro:BHS_Project_SSW555_Git Sawyer$ python US07.py
Enter birthdate in mm/dd/yyyy format:07/15/2012
Age : 4
Sawyers-MacBook-Pro:BHS_Project_SSW555_Git Sawyer$ python US07.py
This will calculate your age
Enter birthdate in mm/dd/yyyy format:12/27/1994
Age : 22
Traceback (most recent call last):
  File "US07.py", line 33, in <module>
    print[NOV]
NameError: name 'NOV' is not defined
Sawyers-MacBook-Pro:BHS_Project_SSW555_Git Sawyer$ python US07.py
This will calculate your age
Enter birthdate in mm/dd/yyyy format:12/22/1990
Age : 26
Traceback (most recent call last):
  File "US07.py", line 33, in <module>
    print (residents["NOV"])
NameError: name 'residents' is not defined
Sawyers-MacBook-Pro:BHS_Project_SSW555_Git Sawyer$ python US07.py
This will calculate your age
Enter birthdate in mm/dd/yyyy format:22/22/1922
Traceback (most recent call last):
  File "US07.py", line 30, in <module>
    birthdate2 = datetime.strptime(birthdate, '%m/%d/%Y')
  File "/Library/Frameworks/Python.framework/Versions/2.7/lib/python2.7/_strptime.py", line 332, in _strptime
    (data_string, format))
ValueError: time data '22/22/1922' does not match format '%m/%d/%Y'
Sawyers-MacBook-Pro:BHS_Project_SSW555_Git Sawyer$ python US07.py
This will calculate your age
Enter birthdate in mm/dd/yyyy format:12/22/1993
Age : 23
11
Sawyers-MacBook-Pro:BHS_Project_SSW555_Git Sawyer$ python US07.py
This will calculate your age
Traceback (most recent call last):
  File "US07.py", line 31, in <module>
    birthdate2 = datetime.strptime(bday3, '%m/%d/%Y')
  File "/Library/Frameworks/Python.framework/Versions/2.7/lib/python2.7/_strptime.py", line 332, in _strptime
    (data_string, format))
ValueError: time data 'NOV/22/1994' does not match format '%m/%d/%Y'
Sawyers-MacBook-Pro:BHS_Project_SSW555_Git Sawyer$ python US07.py
This will calculate your age
Traceback (most recent call last):
  File "US07.py", line 30, in <module>
    bday3 = str(months[DEC])+"/22/1994"
NameError: name 'DEC' is not defined
Sawyers-MacBook-Pro:BHS_Project_SSW555_Git Sawyer$ python US07.py
This will calculate your age
Age : 22
11
Sawyers-MacBook-Pro:BHS_Project_SSW555_Git Sawyer$ python US07.py
This will calculate your age
Age : 25
11
Sawyers-MacBook-Pro:BHS_Project_SSW555_Git Sawyer$ python US07.py
This will calculate your age
Traceback (most recent call last):
  File "US07.py", line 32, in <module>
    birthdate2 = datetime.strptime(bday3, '%m/%d/%Y')
NameError: name 'bday3' is not defined
Sawyers-MacBook-Pro:BHS_Project_SSW555_Git Sawyer$ python US07.py
This will calculate your age
Age : 25
11
Sawyers-MacBook-Pro:BHS_Project_SSW555_Git Sawyer$ python US07.py
This will calculate your age
Enter birth month in form MON:DEC
Traceback (most recent call last):
  File "US07.py", line 30, in <module>
    mn = str(months[bmonth])
NameError: name 'bmonth' is not defined
Sawyers-MacBook-Pro:BHS_Project_SSW555_Git Sawyer$ python US07.py
This will calculate your age
Enter birth month in form MON:DEC
Age : 25
11
Sawyers-MacBook-Pro:BHS_Project_SSW555_Git Sawyer$ python US07.py
This will calculate your age
Enter birth month in form MON:DEC
Age : 22
11
Sawyers-MacBook-Pro:BHS_Project_SSW555_Git Sawyer$ python US07.py
This will calculate your age
Enter birth month in form MON:DEC
Enter your birth day in form dd:27
Traceback (most recent call last):
  File "US07.py", line 33, in <module>
    bday3 = mn+"/"+bDay+"/1994"
TypeError: unsupported operand type(s) for +: 'int' and 'str'
Sawyers-MacBook-Pro:BHS_Project_SSW555_Git Sawyer$ python US07.py
This will calculate your age
Enter birth month in form MON:DEC
Enter your birth day in form dd:27
Traceback (most recent call last):
  File "US07.py", line 34, in <module>
    bday3 = mn+"/"+bDay2+"/1994"
TypeError: unsupported operand type(s) for +: 'int' and 'str'
Sawyers-MacBook-Pro:BHS_Project_SSW555_Git Sawyer$ python US07.py
This will calculate your age
Enter birth month in form MON:DEC
Enter your birth day in form dd:27
Traceback (most recent call last):
  File "US07.py", line 33, in <module>
    bday3 = mn+"/"+bDay2+"/1994"
TypeError: unsupported operand type(s) for +: 'int' and 'str'
Sawyers-MacBook-Pro:BHS_Project_SSW555_Git Sawyer$ python US07.py
This will calculate your age
Enter birth month in form MON:DEC
Enter your birth day in form dd:27
Traceback (most recent call last):
  File "US07.py", line 33, in <module>
    bday3 = mn+"/"+bDay+"/1994"
TypeError: unsupported operand type(s) for +: 'int' and 'str'
Sawyers-MacBook-Pro:BHS_Project_SSW555_Git Sawyer$ python US07.py
This will calculate your age
Enter birth month in form MON:DEC
Traceback (most recent call last):
  File "US07.py", line 33, in <module>
    bday3 = mn+"/"+27+"/1994"
TypeError: unsupported operand type(s) for +: 'int' and 'str'
Sawyers-MacBook-Pro:BHS_Project_SSW555_Git Sawyer$ python US07.py
This will calculate your age
Enter birth month in form MON:DEC
Traceback (most recent call last):
  File "US07.py", line 33, in <module>
    bday3 = mn+"/"+"27"+"/1994"
TypeError: unsupported operand type(s) for +: 'int' and 'str'
Sawyers-MacBook-Pro:BHS_Project_SSW555_Git Sawyer$ python US07.py
This will calculate your age
Enter birth month in form MON:DEC
Traceback (most recent call last):
  File "US07.py", line 33, in <module>
    bday3 = mn+"/"+"27/1994"
TypeError: unsupported operand type(s) for +: 'int' and 'str'
Sawyers-MacBook-Pro:BHS_Project_SSW555_Git Sawyer$ python US07.py
This will calculate your age
Enter birth month in form MON:DEC
Traceback (most recent call last):
  File "US07.py", line 33, in <module>
    bday3 = mn+"/27/1994"
TypeError: unsupported operand type(s) for +: 'int' and 'str'
Sawyers-MacBook-Pro:BHS_Project_SSW555_Git Sawyer$ python US07.py
This will calculate your age
Enter birth month in form MON:DEC
Enter your birth day in form dd:27
Traceback (most recent call last):
  File "US07.py", line 33, in <module>
    bday3 = mn+"/27/1994"
TypeError: unsupported operand type(s) for +: 'int' and 'str'
Sawyers-MacBook-Pro:BHS_Project_SSW555_Git Sawyer$ python US07.py
This will calculate your age
Enter birth month in form MON:DEC
Age : 22
11
Sawyers-MacBook-Pro:BHS_Project_SSW555_Git Sawyer$ python US07.py
This will calculate your age
Enter birth month in form MON:DEC
Enter your birth day in form dd:27
Age : 22
11
Sawyers-MacBook-Pro:BHS_Project_SSW555_Git Sawyer$ python US07.py
This will calculate your age
Enter birth month in form MON:DEC
Enter your birth day in form dd:27
Age : 22
11
27
Sawyers-MacBook-Pro:BHS_Project_SSW555_Git Sawyer$ python US07.py
This will calculate your age
Enter birth month in form MON:DEC
Enter your birth day in form dd:27
Age : 22
11
27
Sawyers-MacBook-Pro:BHS_Project_SSW555_Git Sawyer$ python US07.py
This will calculate your age
Enter birth month in form MON:DEC
Enter your birth day in form dd:27
Age : 22
11
27
Sawyers-MacBook-Pro:BHS_Project_SSW555_Git Sawyer$ python US07.py
This will calculate your age
Enter birth month in form MON:DEC
Enter your birth day in form dd:27
Enter your birth year in form YYYY:1994
Age : 22
11
27
1994
Sawyers-MacBook-Pro:BHS_Project_SSW555_Git Sawyer$ python US07.py
This will calculate your age
Enter birth month in form MON:JUL
Enter your birth day in form dd:14
Enter your birth year in form YYYY:1993
Age : 23
11
14
1993
Sawyers-MacBook-Pro:BHS_Project_SSW555_Git Sawyer$ python US07.py
This will calculate your age
Enter birth month in form MON:MAR
Enter your birth day in form dd:03
Enter your birth year in form YYYY:2015
Age : 2
11
03
2015
Sawyers-MacBook-Pro:BHS_Project_SSW555_Git Sawyer$ python US07.py
This will calculate your age
Enter birth month in form MON:DEC
Enter your birth day in form dd:27
Enter your birth year in form YYYY:1994
Traceback (most recent call last):
  File "US07.py", line 12, in <module>
    bday3 = mn+"/"+bDay+"/"+bYear
TypeError: unsupported operand type(s) for +: 'int' and 'str'
Sawyers-MacBook-Pro:BHS_Project_SSW555_Git Sawyer$ python US07.py
This will calculate your age
Enter birth month in form MON:DEC
Enter your birth day in form dd:27
Enter your birth year in form YYYY:1996
Age : 20
11
27
1996
Sawyers-MacBook-Pro:BHS_Project_SSW555_Git Sawyer$ python US07.py
This will calculate your age
Traceback (most recent call last):
  File "US07.py", line 15, in <module>
    bday3 = mn+"/"+bDay+"/"+bYear
TypeError: cannot concatenate 'str' and 'int' objects
Sawyers-MacBook-Pro:BHS_Project_SSW555_Git Sawyer$ python US07.py
This will calculate your age
Age : 22
12
27
1994
Sawyers-MacBook-Pro:BHS_Project_SSW555_Git Sawyer$ python US07.py
This will calculate your age
Month of birth is: 12
Day of birth is: 27
Year of birth is: 1994
Age : 22
Sawyers-MacBook-Pro:BHS_Project_SSW555_Git Sawyer$ python US07.py
This will calculate your age
Month of birth is: 12
Day of birth is: 27
Year of birth is: 1994
Age is: 22
Sawyers-MacBook-Pro:BHS_Project_SSW555_Git Sawyer$ python US07.py
This will calculate your age
Month of birth is: 12
Day of birth is: 27
Year of birth is: 1994
Age is: 22
Sawyers-MacBook-Pro:BHS_Project_SSW555_Git Sawyer$ python US07_Test.py
This will calculate the age
Month of birth is: 1
Day of birth is: 22
Year of birth is: 1993
Traceback (most recent call last):
  File "US07_Test.py", line 55, in <module>
    case1 = US07.calcAge("JAN", "22", "1993")
  File "/Users/Sawyer/Documents/SSW_555/Project/BHS_Project_SSW555_Git/US07.py", line 42, in calcAge
    print "Age is: %d" % ((datetime.today() - birthdate2).days/365)
NameError: global name 'birthdate2' is not defined
Sawyers-MacBook-Pro:BHS_Project_SSW555_Git Sawyer$ python US07_Test.py
This will calculate the age
Month of birth is: 1
Day of birth is: 22
Year of birth is: 1993
Age is: 24
Traceback (most recent call last):
  File "US07_Test.py", line 55, in <module>
    case1 = US07.calcAge("JAN", "22", "1993")
  File "/Users/Sawyer/Documents/SSW_555/Project/BHS_Project_SSW555_Git/US07.py", line 43, in calcAge
    return age.text
NameError: global name 'age' is not defined
Sawyers-MacBook-Pro:BHS_Project_SSW555_Git Sawyer$ python US07_Test.py
This will calculate the age
Month of birth is: 1
Day of birth is: 22
Year of birth is: 1993
Age is: 24
24
Sawyers-MacBook-Pro:BHS_Project_SSW555_Git Sawyer$ python US07_Test.py
This will calculate the age
Month of birth is: 1
Day of birth is: 22
Year of birth is: 1993
Traceback (most recent call last):
  File "US07_Test.py", line 55, in <module>
    case1 = US07.calcAge("JAN", "22", "1993")
  File "/Users/Sawyer/Documents/SSW_555/Project/BHS_Project_SSW555_Git/US07.py", line 43, in calcAge
    print("Your age is: "+age)
TypeError: cannot concatenate 'str' and 'int' objects
Sawyers-MacBook-Pro:BHS_Project_SSW555_Git Sawyer$ python US07_Test.py
This will calculate the age
Month of birth is: 1
Day of birth is: 22
Year of birth is: 1993
Traceback (most recent call last):
  File "US07_Test.py", line 55, in <module>
    case1 = US07.calcAge("JAN", "22", "1993")
  File "/Users/Sawyer/Documents/SSW_555/Project/BHS_Project_SSW555_Git/US07.py", line 43, in calcAge
    print("Your age is: "+age)
TypeError: cannot concatenate 'str' and 'int' objects
Sawyers-MacBook-Pro:BHS_Project_SSW555_Git Sawyer$ python US07_Test.py
This will calculate the age
Month of birth is: 1
Day of birth is: 22
Year of birth is: 1993
Traceback (most recent call last):
  File "US07_Test.py", line 55, in <module>
    case1 = US07.calcAge("JAN", "22", "1993")
  File "/Users/Sawyer/Documents/SSW_555/Project/BHS_Project_SSW555_Git/US07.py", line 43, in calcAge
    print("Your age is: "+age)
TypeError: cannot concatenate 'str' and 'int' objects
Sawyers-MacBook-Pro:BHS_Project_SSW555_Git Sawyer$ python US07_Test.py
This will calculate the age
Month of birth is: 1
Day of birth is: 22
Year of birth is: 1993
Traceback (most recent call last):
  File "US07_Test.py", line 55, in <module>
    case1 = US07.calcAge("JAN", "22", "1993")
  File "/Users/Sawyer/Documents/SSW_555/Project/BHS_Project_SSW555_Git/US07.py", line 43, in calcAge
    print("Your age is: "+age)
TypeError: cannot concatenate 'str' and 'int' objects
Sawyers-MacBook-Pro:BHS_Project_SSW555_Git Sawyer$ python US07_Test.py
This will calculate the age
Month of birth is: 1
Day of birth is: 22
Year of birth is: 1993
Traceback (most recent call last):
  File "US07_Test.py", line 55, in <module>
    case1 = US07.calcAge("JAN", "22", "1993")
  File "/Users/Sawyer/Documents/SSW_555/Project/BHS_Project_SSW555_Git/US07.py", line 43, in calcAge
    print("Your age is: "+age)
TypeError: cannot concatenate 'str' and 'int' objects
Sawyers-MacBook-Pro:BHS_Project_SSW555_Git Sawyer$ python US07_Test.py
This will calculate the age
Month of birth is: 1
Day of birth is: 22
Year of birth is: 1993
Your age is: 24
24
Sawyers-MacBook-Pro:BHS_Project_SSW555_Git Sawyer$ python US07_Test.py
This will calculate the age
Month of birth is: 1
Day of birth is: 22
Year of birth is: 1993
Your age is: 24
24
Sawyers-MacBook-Pro:BHS_Project_SSW555_Git Sawyer$ python US07_Test.py
This will calculate the age
Month of birth is: 12
Day of birth is: 27
Year of birth is: 1994
Your age is: 22
22
Sawyers-MacBook-Pro:BHS_Project_SSW555_Git Sawyer$ python US07_Test.py
This will calculate the age
22
Sawyers-MacBook-Pro:BHS_Project_SSW555_Git Sawyer$ python BHS_555.py
INDIVIDUAL DATABASE: 

+-----+-------------------+--------+-------------+-----+-------+-------------+----------+-------------------+
| ID  | Name              | Gender | Birthday    | Age | Alive | Death       | Child    | Spouse            |
+-----+-------------------+--------+-------------+-----+-------+-------------+----------+-------------------+
| I01 | David /Jole/      | M      | 7 FEB 1941  | 37  | FALSE | 13 SEP 1978 | None     | ['F1']            |
| I02 | Jillian /Kelly/   | F      | 5 APR 1939  | 78  | TRUE  | N/A         | None     | ['F1', 'F2']      |
| I03 | Betty /Jole/      | F      | 16 MAR 1963 | 54  | TRUE  | N/A         | F1       | ['F3']            |
| I04 | Frank /Gonzalez/  | M      | 2 SEP 1961  | 55  | TRUE  | N/A         | None     | ['F3']            |
| I05 | Bob /George/      | M      | 14 JUN 1945 | 72  | TRUE  | N/A         | None     | ['F2']            |
| I06 | Anne /Jole/       | F      | 19 DEC 1968 | 48  | TRUE  | N/A         | F1       | N/A               |
| I07 | Daisey /Gonzalez/ | F      | 27 MAR 1992 | 25  | TRUE  | N/A         | F3       | N/A               |
| I08 | Dave /Gonzalez/   | M      | 10 OCT 1995 | 21  | TRUE  | N/A         | F3       | N/A               |
| I09 | John /Gonzalez/   | M      | 10 OCT 1997 | 19  | TRUE  | N/A         | F3       | N/A               |
| I10 | Julia /Roberts/   | F      | 4 SEP 1987  | 29  | TRUE  | N/A         | F2       | N/A               |
| I11 | Jesse /Roberts/   | M      | 14 FEB 1989 | 28  | TRUE  | N/A         | F2       | ['F4']            |
| I12 | Olivia /Weaver/   | F      | 27 DEC 1991 | 25  | TRUE  | N/A         | None     | ['F4']            |
+-----+-------------------+--------+-------------+-----+-------+-------------+----------+-------------------+




FAMILY DATABASE: 

+-----+-------------+----------+------------+-------------------+---------+-------------------+------------------------+
| ID  | Married     | Divorced | Husband ID | Husband Name      | Wife ID | Wife Name         | Children               |
+-----+-------------+----------+------------+-------------------+---------+-------------------+------------------------+
| F01 | 9 NOV 1957  | N/A      | I01        | David /Jole/      | I02     | Jillian /Kelly/   | ['I03', 'I06']         |
| F02 | 20 JUN 1986 | N/A      | I05        | Bob /George/      | I02     | Jillian /Kelly/   | ['I10', 'I11']         |
| F03 | 3 MAR 1991  | N/A      | I04        | Frank /Gonzalez/  | I03     | Betty /Jole/      | ['I07', 'I08', 'I09']  |
| F04 | 27 JUL 2009 | N/A      | I11        | Jesse /Roberts/   | I12     | Olivia /Weaver/   | N/A                    |
+-----+-------------+----------+------------+-------------------+---------+-------------------+------------------------+
Sawyers-MacBook-Pro:BHS_Project_SSW555_Git Sawyer$ python US07_Test.py
This will calculate the age
1994-12-27 00:00:00
22
Sawyers-MacBook-Pro:BHS_Project_SSW555_Git Sawyer$ python US07_Test.py
This will calculate the age
1994-12-27 00:00:00
22
Sawyers-MacBook-Pro:BHS_Project_SSW555_Git Sawyer$ python US07_Test.py
This will calculate the age
1997-03-27 00:00:00
20
Sawyers-MacBook-Pro:BHS_Project_SSW555_Git Sawyer$ python US07_Test.py
Traceback (most recent call last):
  File "US07_Test.py", line 55, in <module>
    case1 = US07.calcAge("MAR", "27", "1997")
TypeError: calcAge() takes exactly 1 argument (3 given)
Sawyers-MacBook-Pro:BHS_Project_SSW555_Git Sawyer$ python US07_Test.py
Traceback (most recent call last):
  File "US07_Test.py", line 55, in <module>
    case1 = US07.calcAge("MAR", "27", "1997")
TypeError: calcAge() takes exactly 1 argument (3 given)
Sawyers-MacBook-Pro:BHS_Project_SSW555_Git Sawyer$ python US07_Test.py
This will calculate the age
Traceback (most recent call last):
  File "US07_Test.py", line 55, in <module>
    case1 = US07.calcAge("MAR", "27", "1997")
  File "/Users/Sawyer/Documents/SSW_555/Project/BHS_Project_SSW555_Git/US07.py", line 32, in calcAge
    mn = str(months[bMonth])
NameError: global name 'bMonth' is not defined
Sawyers-MacBook-Pro:BHS_Project_SSW555_Git Sawyer$ python US07_Test.py
This will calculate the age
20
Sawyers-MacBook-Pro:BHS_Project_SSW555_Git Sawyer$ python US07_Test.py
This will calculate the age
Traceback (most recent call last):
  File "US07_Test.py", line 55, in <module>
    case1 = US07.calcAge("MAR 27 1997")
  File "/Users/Sawyer/Documents/SSW_555/Project/BHS_Project_SSW555_Git/US07.py", line 31, in calcAge
    birth[1] = months[birth[1]]
KeyError: '27'
Sawyers-MacBook-Pro:BHS_Project_SSW555_Git Sawyer$ python US07_Test.py
This will calculate the age
Traceback (most recent call last):
  File "US07_Test.py", line 55, in <module>
    case1 = US07.calcAge("27 MAR 1997")
  File "/Users/Sawyer/Documents/SSW_555/Project/BHS_Project_SSW555_Git/US07.py", line 44, in calcAge
    birth_date = datetime.strptime(birth_date_orig, '%d/%m/%Y')
  File "/Library/Frameworks/Python.framework/Versions/2.7/lib/python2.7/_strptime.py", line 332, in _strptime
    (data_string, format))
ValueError: time data '1997/3/27' does not match format '%d/%m/%Y'
Sawyers-MacBook-Pro:BHS_Project_SSW555_Git Sawyer$ python US07_Test.py
This will calculate the age
20
Sawyers-MacBook-Pro:BHS_Project_SSW555_Git Sawyer$ python US07_Test.py
This will calculate the age
20
This will calculate the age
22
Sawyers-MacBook-Pro:BHS_Project_SSW555_Git Sawyer$ python US07_Test.py
This will calculate the age
20
This will calculate the age
22
This will calculate the age
116
Sawyers-MacBook-Pro:BHS_Project_SSW555_Git Sawyer$ python US07_Test.py
This will calculate the age
20
This will calculate the age
22
This will calculate the age
133
Sawyers-MacBook-Pro:BHS_Project_SSW555_Git Sawyer$ python US07_Test.py
This will calculate the age
20
This will calculate the age
22
This will calculate the age
133
This will calculate the age
163
Sawyers-MacBook-Pro:BHS_Project_SSW555_Git Sawyer$ python US07_Test.py
This will calculate the age
20
This will calculate the age
22
This will calculate the age
133
This will calculate the age
161
Sawyers-MacBook-Pro:BHS_Project_SSW555_Git Sawyer$ python US07_Test.py
  File "US07_Test.py", line 13
    case1 = US07.calcAge("27 MAR 1997")
        ^
IndentationError: expected an indented block
Sawyers-MacBook-Pro:BHS_Project_SSW555_Git Sawyer$ python US07_Test.py
This will calculate the age
Traceback (most recent call last):
  File "US07_Test.py", line 30, in <module>
    print(case4)
NameError: name 'case4' is not defined
Sawyers-MacBook-Pro:BHS_Project_SSW555_Git Sawyer$ python US07_Test.py
This will calculate the age
0
Sawyers-MacBook-Pro:BHS_Project_SSW555_Git Sawyer$ python US07_Test.py
This will calculate the age
0
Sawyers-MacBook-Pro:BHS_Project_SSW555_Git Sawyer$ python US07_Test.py
This will calculate the age
0
Sawyers-MacBook-Pro:BHS_Project_SSW555_Git Sawyer$ python US07_Test.py
This will calculate the age
0
Sawyers-MacBook-Pro:BHS_Project_SSW555_Git Sawyer$ python US07_Test.py
This will calculate the age
0
Sawyers-MacBook-Pro:BHS_Project_SSW555_Git Sawyer$ python US07_Test.py
This will calculate the age
1
Sawyers-MacBook-Pro:BHS_Project_SSW555_Git Sawyer$ python US07_Test.py
This will calculate the age
1
Sawyers-MacBook-Pro:BHS_Project_SSW555_Git Sawyer$ python US07_Test.py
The age is: 
1
Sawyers-MacBook-Pro:BHS_Project_SSW555_Git Sawyer$ python US07_Test.py
The age is: 
1
Sawyers-MacBook-Pro:BHS_Project_SSW555_Git Sawyer$ python US07_Test.py
  File "US07_Test.py", line 14
    assert case 1 == '
                ^
SyntaxError: invalid syntax
Sawyers-MacBook-Pro:BHS_Project_SSW555_Git Sawyer$ python US07_Test.py
  File "US07_Test.py", line 14
    assert case 1 == True
                ^
SyntaxError: invalid syntax
Sawyers-MacBook-Pro:BHS_Project_SSW555_Git Sawyer$ python US07_Test.py
The age is: 
20
Sawyers-MacBook-Pro:BHS_Project_SSW555_Git Sawyer$ python US07_Test.py
The age is: 
20
Sawyers-MacBook-Pro:BHS_Project_SSW555_Git Sawyer$ python US07_Test.py
  File "US07_Test.py", line 25
    assert case 3 ==
                ^
SyntaxError: invalid syntax
Sawyers-MacBook-Pro:BHS_Project_SSW555_Git Sawyer$ python US07_Test.py
  File "US07_Test.py", line 25
    assert case 3 == True
                ^
SyntaxError: invalid syntax
Sawyers-MacBook-Pro:BHS_Project_SSW555_Git Sawyer$ python US07_Test.py
The age is: 
133
Sawyers-MacBook-Pro:BHS_Project_SSW555_Git Sawyer$ python US07_Test.py
The age is: 
133
Sawyers-MacBook-Pro:BHS_Project_SSW555_Git Sawyer$ python US07_Test.py
The age is: 
2
Sawyers-MacBook-Pro:BHS_Project_SSW555_Git Sawyer$ python US07_Test.py
Traceback (most recent call last):
  File "US07_Test.py", line 10, in <module>
    import US07
  File "/Users/Sawyer/Documents/SSW_555/Project/BHS_Project_SSW555_Git/US07.py", line 41
    else (calcAge(BirthDate) >= 150):
         ^
SyntaxError: invalid syntax
Sawyers-MacBook-Pro:BHS_Project_SSW555_Git Sawyer$ python US07_Test.py
The age is: 
The age is: 
False
Sawyers-MacBook-Pro:BHS_Project_SSW555_Git Sawyer$ python US07_Test.py
The age is: 
True
Sawyers-MacBook-Pro:BHS_Project_SSW555_Git Sawyer$ python US07_Test.py
The age is: 
The age is: 
False
Sawyers-MacBook-Pro:BHS_Project_SSW555_Git Sawyer$ python US07_Test.py
The person is less than 150 years old...
The age is: 
150
The age is: 
150
False
Sawyers-MacBook-Pro:BHS_Project_SSW555_Git Sawyer$ python US07_Test.py
The person is less than 150 years old...
The age is: 
150
True
Traceback (most recent call last):
  File "US07_Test.py", line 45, in <module>
    assert case7 == False
AssertionError
Sawyers-MacBook-Pro:BHS_Project_SSW555_Git Sawyer$ python US07_Test.py
The person is less than 150 years old...
The age is: 
The age is: 
False
Sawyers-MacBook-Pro:BHS_Project_SSW555_Git Sawyer$ python US07_Test.py
The person is less than 150 years old...
The age is: 
150
The age is: 
150
False
Sawyers-MacBook-Pro:BHS_Project_SSW555_Git Sawyer$ python US07_Test.py
The person is less than 150 years old...
The age is: 
150
The age is: 
150
Sawyers-MacBook-Pro:BHS_Project_SSW555_Git Sawyer$ python US07_Test.py
The age is: 
150
The age is: 
150
The person is a mummy!
False
Sawyers-MacBook-Pro:BHS_Project_SSW555_Git Sawyer$ python US07_Test.py
The age is: 
150
The age is: 
150
The person is a mummy!
False
Sawyers-MacBook-Pro:BHS_Project_SSW555_Git Sawyer$ python US07_Test.py
The person is less than 150 years old...
The age is: 
150
The age is: 
150
The person is a mummy!
False
Sawyers-MacBook-Pro:BHS_Project_SSW555_Git Sawyer$ python US07_Test.py
The person is less than 150 years old...
The age is: 
150
The age is: 
150
False
Sawyers-MacBook-Pro:BHS_Project_SSW555_Git Sawyer$ python US07_Test.py
The person is less than 150 years old...
The age is: 
150
The age is: 
150
False
Sawyers-MacBook-Pro:BHS_Project_SSW555_Git Sawyer$ python US07_Test.py
The person is less than 150 years old...
The age is: 
150
The age is: 
150
False
Sawyers-MacBook-Pro:BHS_Project_SSW555_Git Sawyer$ python US07_Test.py
The person is less than 150 years old...
The age is: 
150
The age is: 
150
False
Sawyers-MacBook-Pro:BHS_Project_SSW555_Git Sawyer$ python US07_Test.py
The person is less than 150 years old...
The age is: 
150
The age is: 
150
False
Sawyers-MacBook-Pro:BHS_Project_SSW555_Git Sawyer$ python US07_Test.py
The person is less than 150 years old...
The age is: 
150
The age is: 
150
False
Sawyers-MacBook-Pro:BHS_Project_SSW555_Git Sawyer$ python US07_Test.py
The person is less than 150 years old...
The age is: 
150
The age is: 
150
Sawyers-MacBook-Pro:BHS_Project_SSW555_Git Sawyer$ python US07_Test.py
The person is less than 150 years old...
The age is: 
The age is: 
Sawyers-MacBook-Pro:BHS_Project_SSW555_Git Sawyer$ python US07_Test.py
The person is less than 150 years old...
The age is: 150
The age is: 150
Sawyers-MacBook-Pro:BHS_Project_SSW555_Git Sawyer$ python US07_Test.py
The person is less than 150 years old...
Sawyers-MacBook-Pro:BHS_Project_SSW555_Git Sawyer$ python US07_Test.py
The person is less than 150 years old...
False
Sawyers-MacBook-Pro:BHS_Project_SSW555_Git Sawyer$ python US07_Test.py
Traceback (most recent call last):
  File "US07_Test.py", line 43, in <module>
    case7 = US07.US07("06 JUN 1867")
  File "/Users/Sawyer/Documents/SSW_555/Project/BHS_Project_SSW555_Git/US07.py", line 29, in US07
    print("The age is: "+str(calcAge.age))
AttributeError: 'function' object has no attribute 'age'
Sawyers-MacBook-Pro:BHS_Project_SSW555_Git Sawyer$ python US07_Test.py
Traceback (most recent call last):
  File "US07_Test.py", line 10, in <module>
    import US07
  File "/Users/Sawyer/Documents/SSW_555/Project/BHS_Project_SSW555_Git/US07.py", line 29
    print("The age is: "+str(calcAge.(BirthDate))
                                     ^
SyntaxError: invalid syntax
Sawyers-MacBook-Pro:BHS_Project_SSW555_Git Sawyer$ python US07_Test.py
Traceback (most recent call last):
  File "US07_Test.py", line 10, in <module>
    import US07
  File "/Users/Sawyer/Documents/SSW_555/Project/BHS_Project_SSW555_Git/US07.py", line 30
    print("The person is less than 150 years old...")
        ^
SyntaxError: invalid syntax
Sawyers-MacBook-Pro:BHS_Project_SSW555_Git Sawyer$ python US07_Test.py
Traceback (most recent call last):
  File "US07_Test.py", line 10, in <module>
    import US07
  File "/Users/Sawyer/Documents/SSW_555/Project/BHS_Project_SSW555_Git/US07.py", line 30
    print("The person is less than 150 years old...")
        ^
SyntaxError: invalid syntax
Sawyers-MacBook-Pro:BHS_Project_SSW555_Git Sawyer$ python US07_Test.py
Traceback (most recent call last):
  File "US07_Test.py", line 43, in <module>
    case7 = US07.US07("06 JUN 1867")
  File "/Users/Sawyer/Documents/SSW_555/Project/BHS_Project_SSW555_Git/US07.py", line 29, in US07
    print("The age is: "+ calcAge(BirthDate))
TypeError: cannot concatenate 'str' and 'int' objects
Sawyers-MacBook-Pro:BHS_Project_SSW555_Git Sawyer$ python US07_Test.py
The age is: 150
The person is less than 150 years old...
False
Sawyers-MacBook-Pro:BHS_Project_SSW555_Git Sawyer$ python US07_Test.py
The age is: 150
The person is less than 150 years old...
False
Sawyers-MacBook-Pro:BHS_Project_SSW555_Git Sawyer$ py.test -v
=========================== test session starts ===========================
platform darwin -- Python 2.7.13, pytest-3.1.2, py-1.4.34, pluggy-0.4.0 -- /Library/Frameworks/Python.framework/Versions/2.7/Resources/Python.app/Contents/MacOS/Python
cachedir: .cache
rootdir: /Users/Sawyer/Documents/SSW_555/Project/BHS_Project_SSW555_Git, inifile:
collected 20 items 

test_US08.py::test_US08_Case11 PASSED
test_US08.py::test_US08_Case12 PASSED
test_US08.py::test_US08_Case13 PASSED
test_US08.py::test_US08_Case14 PASSED
test_US08.py::test_US08_Case21 PASSED
test_US08.py::test_US08_Case22 PASSED
test_US08.py::test_US08_Case23 PASSED
test_US08.py::test_US08_Case24 PASSED
test_US08.py::test_US08_Case31 PASSED
test_US08.py::test_US08_Case32 PASSED
test_US08.py::test_US08_Case33 PASSED
test_US08.py::test_US08_Case34 PASSED
test_US08.py::test_US08_Case41 PASSED
test_US08.py::test_US08_Case42 PASSED
test_US08.py::test_US08_Case43 PASSED
test_US08.py::test_US08_Case44 PASSED
test_US08.py::test_US08_Case51 PASSED
test_US08.py::test_US08_Case52 PASSED
test_US08.py::test_US08_Case53 PASSED
test_US08.py::test_US08_Case54 PASSED

======================== 20 passed in 0.03 seconds ========================
Sawyers-MacBook-Pro:BHS_Project_SSW555_Git Sawyer$ US07_Test.py py.test -v
-bash: US07_Test.py: command not found
Sawyers-MacBook-Pro:BHS_Project_SSW555_Git Sawyer$ py.test -v US07_Test.py
=========================== test session starts ===========================
platform darwin -- Python 2.7.13, pytest-3.1.2, py-1.4.34, pluggy-0.4.0 -- /Library/Frameworks/Python.framework/Versions/2.7/Resources/Python.app/Contents/MacOS/Python
cachedir: .cache
rootdir: /Users/Sawyer/Documents/SSW_555/Project/BHS_Project_SSW555_Git, inifile:
collected 7 items 

US07_Test.py::test1_US07 PASSED
US07_Test.py::test2_US07 PASSED
US07_Test.py::test3_US07 PASSED
US07_Test.py::test4_US07 PASSED
US07_Test.py::test5_US07 FAILED
US07_Test.py::test6_US07 FAILED
US07_Test.py::test7_US07 PASSED

================================ FAILURES =================================
_______________________________ test5_US07 ________________________________

    def test5_US07():
        case5 = US07.US07("02 JUL 1100")
        print(case5)
>       assert case5 == True
E       assert False == True

US07_Test.py:35: AssertionError
-------------------------- Captured stdout call ---------------------------
The age is: 917
The person is less than 150 years old...
False
_______________________________ test6_US07 ________________________________

    def test6_US07():
        case6 = US07.US07("19 OCT 1700")
        print(case6)
>       assert case6 == True
E       assert False == True

US07_Test.py:40: AssertionError
-------------------------- Captured stdout call ---------------------------
The age is: 316
The person is less than 150 years old...
False
=================== 2 failed, 5 passed in 0.05 seconds ====================
Sawyers-MacBook-Pro:BHS_Project_SSW555_Git Sawyer$ py.test  US07_Test.py
=========================== test session starts ===========================
platform darwin -- Python 2.7.13, pytest-3.1.2, py-1.4.34, pluggy-0.4.0
rootdir: /Users/Sawyer/Documents/SSW_555/Project/BHS_Project_SSW555_Git, inifile:
collected 7 items 

US07_Test.py ....FF.

================================ FAILURES =================================
_______________________________ test5_US07 ________________________________

    def test5_US07():
        case5 = US07.US07("02 JUL 1100")
        print(case5)
>       assert case5 == True
E       assert False == True

US07_Test.py:35: AssertionError
-------------------------- Captured stdout call ---------------------------
The age is: 917
The person is less than 150 years old...
False
_______________________________ test6_US07 ________________________________

    def test6_US07():
        case6 = US07.US07("19 OCT 1700")
        print(case6)
>       assert case6 == True
E       assert False == True

US07_Test.py:40: AssertionError
-------------------------- Captured stdout call ---------------------------
The age is: 316
The person is less than 150 years old...
False
=================== 2 failed, 5 passed in 0.05 seconds ====================
Sawyers-MacBook-Pro:BHS_Project_SSW555_Git Sawyer$ py.test  US07_Test.py
=========================== test session starts ===========================
platform darwin -- Python 2.7.13, pytest-3.1.2, py-1.4.34, pluggy-0.4.0
rootdir: /Users/Sawyer/Documents/SSW_555/Project/BHS_Project_SSW555_Git, inifile:
collected 7 items 

US07_Test.py .......

======================== 7 passed in 0.02 seconds =========================
Sawyers-MacBook-Pro:BHS_Project_SSW555_Git Sawyer$ py.test -v US07_Test.py
=========================== test session starts ===========================
platform darwin -- Python 2.7.13, pytest-3.1.2, py-1.4.34, pluggy-0.4.0 -- /Library/Frameworks/Python.framework/Versions/2.7/Resources/Python.app/Contents/MacOS/Python
cachedir: .cache
rootdir: /Users/Sawyer/Documents/SSW_555/Project/BHS_Project_SSW555_Git, inifile:
collected 7 items 

US07_Test.py::test1_US07 PASSED
US07_Test.py::test2_US07 PASSED
US07_Test.py::test3_US07 PASSED
US07_Test.py::test4_US07 PASSED
US07_Test.py::test5_US07 PASSED
US07_Test.py::test6_US07 PASSED
US07_Test.py::test7_US07 PASSED

======================== 7 passed in 0.01 seconds =========================
Sawyers-MacBook-Pro:BHS_Project_SSW555_Git Sawyer$ python BHS_555.py
INDIVIDUAL DATABASE: 

+-----+-------------------+--------+-------------+-----+-------+-------------+----------+-------------------+
| ID  | Name              | Gender | Birthday    | Age | Alive | Death       | Child    | Spouse            |
+-----+-------------------+--------+-------------+-----+-------+-------------+----------+-------------------+
| I01 | David /Jole/      | M      | 7 FEB 1941  | 37  | FALSE | 13 SEP 1978 | None     | ['F1']            |
| I02 | Jillian /Kelly/   | F      | 5 APR 1939  | 78  | TRUE  | N/A         | None     | ['F1', 'F2']      |
| I03 | Betty /Jole/      | F      | 16 MAR 1963 | 54  | TRUE  | N/A         | F1       | ['F3']            |
| I04 | Frank /Gonzalez/  | M      | 2 SEP 1961  | 55  | TRUE  | N/A         | None     | ['F3']            |
| I05 | Bob /George/      | M      | 14 JUN 1945 | 72  | TRUE  | N/A         | None     | ['F2']            |
| I06 | Anne /Jole/       | F      | 19 DEC 1968 | 48  | TRUE  | N/A         | F1       | N/A               |
| I07 | Daisey /Gonzalez/ | F      | 27 MAR 1992 | 25  | TRUE  | N/A         | F3       | N/A               |
| I08 | Dave /Gonzalez/   | M      | 10 OCT 1995 | 21  | TRUE  | N/A         | F3       | N/A               |
| I09 | John /Gonzalez/   | M      | 10 OCT 1997 | 19  | TRUE  | N/A         | F3       | N/A               |
| I10 | Julia /Roberts/   | F      | 4 SEP 1987  | 29  | TRUE  | N/A         | F2       | N/A               |
| I11 | Jesse /Roberts/   | M      | 14 FEB 1989 | 28  | TRUE  | N/A         | F2       | ['F4']            |
| I12 | Olivia /Weaver/   | F      | 27 DEC 1991 | 25  | TRUE  | N/A         | None     | ['F4']            |
+-----+-------------------+--------+-------------+-----+-------+-------------+----------+-------------------+




FAMILY DATABASE: 

+-----+-------------+----------+------------+-------------------+---------+-------------------+------------------------+
| ID  | Married     | Divorced | Husband ID | Husband Name      | Wife ID | Wife Name         | Children               |
+-----+-------------+----------+------------+-------------------+---------+-------------------+------------------------+
| F01 | 9 NOV 1957  | N/A      | I01        | David /Jole/      | I02     | Jillian /Kelly/   | ['I03', 'I06']         |
| F02 | 20 JUN 1986 | N/A      | I05        | Bob /George/      | I02     | Jillian /Kelly/   | ['I10', 'I11']         |
| F03 | 3 MAR 1991  | N/A      | I04        | Frank /Gonzalez/  | I03     | Betty /Jole/      | ['I07', 'I08', 'I09']  |
| F04 | 27 JUL 2009 | N/A      | I11        | Jesse /Roberts/   | I12     | Olivia /Weaver/   | N/A                    |
+-----+-------------+----------+------------+-------------------+---------+-------------------+------------------------+
Sawyers-MacBook-Pro:BHS_Project_SSW555_Git Sawyer$ python US07_Test.py
Sawyers-MacBook-Pro:BHS_Project_SSW555_Git Sawyer$ python US07_Test.py
Sawyers-MacBook-Pro:BHS_Project_SSW555_Git Sawyer$ python US07_Test.py
Sawyers-MacBook-Pro:BHS_Project_SSW555_Git Sawyer$ python US07_Test.py
The age is: 150
The person is less than 150 years old...
False
Sawyers-MacBook-Pro:BHS_Project_SSW555_Git Sawyer$ python US07_Test.py
Traceback (most recent call last):
  File "US07_Test.py", line 10, in <module>
    import US07
  File "/Users/Sawyer/Documents/SSW_555/Project/BHS_Project_SSW555_Git/US07.py", line 62
    if (AgeLive(BirthDate) < 150 && DeathDate = "N/A"):
                                  ^
SyntaxError: invalid syntax
Sawyers-MacBook-Pro:BHS_Project_SSW555_Git Sawyer$ python US07_Test.py
Traceback (most recent call last):
  File "US07_Test.py", line 10, in <module>
    import US07
  File "/Users/Sawyer/Documents/SSW_555/Project/BHS_Project_SSW555_Git/US07.py", line 62
    if (AgeLive(BirthDate) < 150 && DeathDate == "N/A"):
                                  ^
SyntaxError: invalid syntax
Sawyers-MacBook-Pro:BHS_Project_SSW555_Git Sawyer$ python US07_Test.py
The person is less than 150 years old...
Traceback (most recent call last):
  File "US07_Test.py", line 48, in <module>
    case8 = US07.US07("06 JUN 1867")
  File "/Users/Sawyer/Documents/SSW_555/Project/BHS_Project_SSW555_Git/US07.py", line 62, in US07
    if (AgeLive(BirthDate) < 150 & DeathDate == "N/A"):
TypeError: unsupported operand type(s) for &: 'int' and 'str'
Sawyers-MacBook-Pro:BHS_Project_SSW555_Git Sawyer$ python US07_Test.py
The person is less than 150 years old...
Traceback (most recent call last):
  File "US07_Test.py", line 48, in <module>
    case8 = US07.US07("06 JUN 1867")
  File "/Users/Sawyer/Documents/SSW_555/Project/BHS_Project_SSW555_Git/US07.py", line 65, in US07
    elif (AgeDeath(DeathDate) < 150):
TypeError: AgeDeath() takes exactly 2 arguments (1 given)
Sawyers-MacBook-Pro:BHS_Project_SSW555_Git Sawyer$ python US07_Test.py
The person is less than 150 years old...
Traceback (most recent call last):
  File "US07_Test.py", line 48, in <module>
    case8 = US07.US07("06 JUN 1867")
  File "/Users/Sawyer/Documents/SSW_555/Project/BHS_Project_SSW555_Git/US07.py", line 63, in US07
    if (AgeLive(BirthDate, DeathDate) < 150):
TypeError: AgeLive() takes exactly 1 argument (2 given)
Sawyers-MacBook-Pro:BHS_Project_SSW555_Git Sawyer$ python US07_Test.py
Traceback (most recent call last):
  File "US07_Test.py", line 10, in <module>
    import US07
  File "/Users/Sawyer/Documents/SSW_555/Project/BHS_Project_SSW555_Git/US07.py", line 66
    elif:
        ^
SyntaxError: invalid syntax
Sawyers-MacBook-Pro:BHS_Project_SSW555_Git Sawyer$ python US07_Test.py
The person is less than 150 years old...
False
Sawyers-MacBook-Pro:BHS_Project_SSW555_Git Sawyer$ python US07_Test.py
The age is: 150
The person is less than 150 years old...
False
Sawyers-MacBook-Pro:BHS_Project_SSW555_Git Sawyer$ python US07_Test.py
The age than 150 years old...
The person is alive and is 73year(s) old
True
Sawyers-MacBook-Pro:BHS_Project_SSW555_Git Sawyer$ python US07_Test.py
The age is less than 150 years old...
The person is alive and is 73year(s) old
True
Sawyers-MacBook-Pro:BHS_Project_SSW555_Git Sawyer$ python US07_Test.py
Traceback (most recent call last):
  File "US07_Test.py", line 9, in <module>
    import US07
  File "/Users/Sawyer/Documents/SSW_555/Project/BHS_Project_SSW555_Git/US07.py", line 60
    if (DeathDate = "N/A"):
                  ^
SyntaxError: invalid syntax
Sawyers-MacBook-Pro:BHS_Project_SSW555_Git Sawyer$ python US07_Test.py
The age is less than 150 years old...
The person is alive and is 73year(s) old
True
Sawyers-MacBook-Pro:BHS_Project_SSW555_Git Sawyer$ python US07_Test.py
The age is less than 150 years old...
Traceback (most recent call last):
  File "US07_Test.py", line 47, in <module>
    case8 = US07.US07("06 JUN 1867", "17 DEC 1943")
  File "/Users/Sawyer/Documents/SSW_555/Project/BHS_Project_SSW555_Git/US07.py", line 66, in US07
    elif (AgeDeath(Birthdate, DeathDate) < 150):
NameError: global name 'Birthdate' is not defined
Sawyers-MacBook-Pro:BHS_Project_SSW555_Git Sawyer$ python US07_Test.py
The age is less than 150 years old...
The person died at 150year(s) old
True
Sawyers-MacBook-Pro:BHS_Project_SSW555_Git Sawyer$ python US07_Test.py
The age is less than 150 years old...
The person died at 150 year(s) old
True
Sawyers-MacBook-Pro:BHS_Project_SSW555_Git Sawyer$ python US07_Test.py
The age is less than 150 years old...
True
Sawyers-MacBook-Pro:BHS_Project_SSW555_Git Sawyer$ python US07_Test.py
The age is less than 150 years old...
The person died at 150 year(s) old
True
Sawyers-MacBook-Pro:BHS_Project_SSW555_Git Sawyer$ python US07_Test.py
The age is less than 150 years old...
The person died at 76 year(s) old
True
Sawyers-MacBook-Pro:BHS_Project_SSW555_Git Sawyer$ python US07_Test.py
The person died at 76 year(s) old
The age is less than 150 years old...
True
Sawyers-MacBook-Pro:BHS_Project_SSW555_Git Sawyer$ python US07_Test.py
The person died at 61 year(s) old
The age is less than 150 years old...
True
Traceback (most recent call last):
  File "US07_Test.py", line 49, in <module>
    assert case9 == False
AssertionError
Sawyers-MacBook-Pro:BHS_Project_SSW555_Git Sawyer$ python US07_Test.py
The person died at 61 year(s) old
The age is less than 150 years old...
True
Sawyers-MacBook-Pro:BHS_Project_SSW555_Git Sawyer$ python US07_Test.py
The age is less than 150 years old...
Traceback (most recent call last):
  File "US07_Test.py", line 53, in <module>
    print(case6)
NameError: name 'case6' is not defined
Sawyers-MacBook-Pro:BHS_Project_SSW555_Git Sawyer$ python US07_Test.py
The age is less than 150 years old...
False
Sawyers-MacBook-Pro:BHS_Project_SSW555_Git Sawyer$ python US07_Test.py
The person died at 199 year(s) old.
The age is less than 150 years old...
False
Sawyers-MacBook-Pro:BHS_Project_SSW555_Git Sawyer$ python US07_Test.py
The person died at 199 year(s) old.
The age was less than 150 years old...
False
Sawyers-MacBook-Pro:BHS_Project_SSW555_Git Sawyer$ python US07_Test.py
The person died at 199 year(s) old. That's so old!
The person was less than 150 years old...
False
Sawyers-MacBook-Pro:BHS_Project_SSW555_Git Sawyer$ python US07_Test.py
The person died at 150 year(s) old. That's so old!
The person was less than 150 years old...
False
Sawyers-MacBook-Pro:BHS_Project_SSW555_Git Sawyer$ py.test -v US07.Test.py
============================================================= test session starts =============================================================
platform darwin -- Python 2.7.13, pytest-3.1.2, py-1.4.34, pluggy-0.4.0 -- /Library/Frameworks/Python.framework/Versions/2.7/Resources/Python.app/Contents/MacOS/Python
cachedir: .cache
rootdir: /Users/Sawyer/Documents/SSW_555/Project/BHS_Project_SSW555_Git, inifile:

======================================================== no tests ran in 0.00 seconds =========================================================
ERROR: file not found: US07.Test.py
Sawyers-MacBook-Pro:BHS_Project_SSW555_Git Sawyer$ py.test -v US07_Test.py
============================================================= test session starts =============================================================
platform darwin -- Python 2.7.13, pytest-3.1.2, py-1.4.34, pluggy-0.4.0 -- /Library/Frameworks/Python.framework/Versions/2.7/Resources/Python.app/Contents/MacOS/Python
cachedir: .cache
rootdir: /Users/Sawyer/Documents/SSW_555/Project/BHS_Project_SSW555_Git, inifile:
collected 10 items 

US07_Test.py::test1_US07 PASSED
US07_Test.py::test2_US07 PASSED
US07_Test.py::test3_US07 PASSED
US07_Test.py::test4_US07 PASSED
US07_Test.py::test5_US07 PASSED
US07_Test.py::test7_US07 PASSED
US07_Test.py::test8_US07 PASSED
US07_Test.py::test9_US07 PASSED
US07_Test.py::test10_US07 PASSED
US07_Test.py::test11_US07 PASSED

========================================================== 10 passed in 0.03 seconds ==========================================================
Sawyers-MacBook-Pro:BHS_Project_SSW555_Git Sawyer$ py.test -v US07_Test.py
============================================================= test session starts =============================================================
platform darwin -- Python 2.7.13, pytest-3.1.2, py-1.4.34, pluggy-0.4.0 -- /Library/Frameworks/Python.framework/Versions/2.7/Resources/Python.app/Contents/MacOS/Python
cachedir: .cache
rootdir: /Users/Sawyer/Documents/SSW_555/Project/BHS_Project_SSW555_Git, inifile:
collected 10 items 

US07_Test.py::test1_US07 PASSED
US07_Test.py::test2_US07 FAILED
US07_Test.py::test3_US07 FAILED
US07_Test.py::test4_US07 PASSED
US07_Test.py::test5_US07 PASSED
US07_Test.py::test7_US07 PASSED
US07_Test.py::test8_US07 PASSED
US07_Test.py::test9_US07 PASSED
US07_Test.py::test10_US07 FAILED
US07_Test.py::test11_US07 PASSED

================================================================== FAILURES ===================================================================
_________________________________________________________________ test2_US07 __________________________________________________________________

    def test2_US07():
        case2 = US07.US07("27 DEC 1994")
        print(case2)
>       assert case2 == False
E       assert True == False

US07_Test.py:19: AssertionError
------------------------------------------------------------ Captured stdout call -------------------------------------------------------------
The person is alive and is 22year(s) old.
The person is less than 150 years old...
True
_________________________________________________________________ test3_US07 __________________________________________________________________

    def test3_US07():
        case3 = US07.US07("20 MAY 1884")
        print(case3)
>       assert case3 == False
E       assert True == False

US07_Test.py:24: AssertionError
------------------------------------------------------------ Captured stdout call -------------------------------------------------------------
The person is alive and is 133year(s) old.
The person is less than 150 years old...
True
_________________________________________________________________ test10_US07 _________________________________________________________________

    def test10_US07():
        case10 = US07.US07("19 OCT 1700", "21 FEB 1900")
        print(case10)
>       assert case10 == True
E       assert False == True

US07_Test.py:54: AssertionError
------------------------------------------------------------ Captured stdout call -------------------------------------------------------------
The person died at 199 year(s) old. That's so old!
The person was less than 150 years old...
False
===================================================== 3 failed, 7 passed in 0.07 seconds ======================================================
Sawyers-MacBook-Pro:BHS_Project_SSW555_Git Sawyer$ py.test -v US07_Test.py
================================================================= test session starts ==================================================================
platform darwin -- Python 2.7.13, pytest-3.1.2, py-1.4.34, pluggy-0.4.0 -- /Library/Frameworks/Python.framework/Versions/2.7/Resources/Python.app/Contents/MacOS/Python
cachedir: .cache
rootdir: /Users/Sawyer/Documents/SSW_555/Project/BHS_Project_SSW555_Git, inifile:
collected 10 items 

US07_Test.py::test1_US07 PASSED
US07_Test.py::test2_US07 PASSED
US07_Test.py::test3_US07 PASSED
US07_Test.py::test4_US07 PASSED
US07_Test.py::test5_US07 PASSED
US07_Test.py::test7_US07 PASSED
US07_Test.py::test8_US07 PASSED
US07_Test.py::test9_US07 PASSED
US07_Test.py::test10_US07 PASSED
US07_Test.py::test11_US07 PASSED

============================================================== 10 passed in 0.03 seconds ===============================================================
Sawyers-MacBook-Pro:BHS_Project_SSW555_Git Sawyer$ 
